{"C:\\Users\\harsh\\Desktop\\learn-test-coverage\\sum.js": {"path":"C:\\Users\\harsh\\Desktop\\learn-test-coverage\\sum.js","statementMap":{"0":{"start":{"line":2,"column":4},"end":{"line":2,"column":17}},"1":{"start":{"line":5,"column":0},"end":{"line":5,"column":21}},"2":{"start":{"line":8,"column":2},"end":{"line":8,"column":15}},"3":{"start":{"line":11,"column":0},"end":{"line":11,"column":22}}},"fnMap":{"0":{"name":"sum","decl":{"start":{"line":1,"column":9},"end":{"line":1,"column":12}},"loc":{"start":{"line":1,"column":15},"end":{"line":3,"column":3}},"line":1},"1":{"name":"sum2","decl":{"start":{"line":7,"column":9},"end":{"line":7,"column":13}},"loc":{"start":{"line":7,"column":16},"end":{"line":9,"column":1}},"line":7}},"branchMap":{},"s":{"0":0,"1":1,"2":1,"3":1},"f":{"0":0,"1":1},"b":{},"_coverageSchema":"1a1c01bbd47fc00a2c39e90264f33305004495a9","hash":"b935b287fda433a725ca68798398bcc5fa51bc39"}
}
